<?xml version="1.0" encoding="UTF-8"?>
<!-- Generated by org.testng.reporters.JUnitReportReporter -->
<testsuite hostname="DESKTOP-AD44IUN" failures="0" tests="2" name="testcases.SSLchecks" time="35.932" errors="0" timestamp="2023-03-07T08:43:02 IST" skipped="0">
  <testcase classname="testcases.SSLchecks" name="Wynisco" time="16.567"/>
  <system-out/>
  <testcase classname="testcases.SSLchecks" name="VishwasaHolidays" time="19.365"/>
  <system-out/>
</testsuite> <!-- testcases.SSLchecks -->
